GROUP,PACKAGE,CLASS,INSTRUCTION_MISSED,INSTRUCTION_COVERED,BRANCH_MISSED,BRANCH_COVERED,LINE_MISSED,LINE_COVERED,COMPLEXITY_MISSED,COMPLEXITY_COVERED,METHOD_MISSED,METHOD_COVERED
demo-api-spring-tdd-bdd,com.example.demoapi.service,AccountService,0,180,0,8,0,35,0,16,0,12
demo-api-spring-tdd-bdd,com.example.demoapi.controller,AccountController,0,73,0,0,0,18,0,7,0,7
demo-api-spring-tdd-bdd,com.example.demoapi.controller,ApiExceptionHandler,0,46,0,0,0,19,0,6,0,6
demo-api-spring-tdd-bdd,com.example.demoapi.repository,AccountRepository,0,15,0,0,0,2,0,2,0,2
